pc:C000 A:00 X:00 Y:00 P:24
pc:C5F5 A:00 X:00 Y:00 P:24
pc:C5F7 A:00 X:00 Y:00 P:26
pc:C5F9 A:00 X:00 Y:00 P:26
pc:C5FB A:00 X:00 Y:00 P:26
pc:C5FD A:00 X:00 Y:00 P:26
pc:C72D A:00 X:00 Y:00 P:26
pc:C72E A:00 X:00 Y:00 P:26
pc:C72F A:00 X:00 Y:00 P:27
pc:C735 A:00 X:00 Y:00 P:27
pc:C736 A:00 X:00 Y:00 P:27
pc:C737 A:00 X:00 Y:00 P:26
pc:C739 A:00 X:00 Y:00 P:26
pc:C740 A:00 X:00 Y:00 P:26
pc:C741 A:00 X:00 Y:00 P:26
pc:C742 A:00 X:00 Y:00 P:27
pc:C744 A:00 X:00 Y:00 P:27
pc:C74B A:00 X:00 Y:00 P:27
pc:C74C A:00 X:00 Y:00 P:27
pc:C74D A:00 X:00 Y:00 P:26
pc:C753 A:00 X:00 Y:00 P:26
pc:C754 A:00 X:00 Y:00 P:26
pc:C756 A:00 X:00 Y:00 P:26
pc:C75C A:00 X:00 Y:00 P:26
pc:C75D A:00 X:00 Y:00 P:26
pc:C75F A:40 X:00 Y:00 P:24
pc:C761 A:40 X:00 Y:00 P:24
pc:C768 A:40 X:00 Y:00 P:24
pc:C769 A:40 X:00 Y:00 P:24
pc:C76B A:40 X:00 Y:00 P:24
pc:C771 A:40 X:00 Y:00 P:24
pc:C772 A:40 X:00 Y:00 P:24
pc:C774 A:00 X:00 Y:00 P:26
pc:C776 A:00 X:00 Y:00 P:26
pc:C77D A:00 X:00 Y:00 P:26
pc:C77E A:00 X:00 Y:00 P:26
pc:C780 A:FF X:00 Y:00 P:A4
pc:C782 A:FF X:00 Y:00 P:A4
pc:C784 A:FF X:00 Y:00 P:E4
pc:C78A A:FF X:00 Y:00 P:E4
pc:C78B A:FF X:00 Y:00 P:E4
pc:C78D A:FF X:00 Y:00 P:E4
pc:C78F A:FF X:00 Y:00 P:E4
pc:C796 A:FF X:00 Y:00 P:E4
pc:C797 A:FF X:00 Y:00 P:E4
pc:C799 A:00 X:00 Y:00 P:66
pc:C79B A:00 X:00 Y:00 P:66
pc:C79D A:00 X:00 Y:00 P:26
pc:C7A3 A:00 X:00 Y:00 P:26
pc:C7A4 A:00 X:00 Y:00 P:26
pc:C7A6 A:00 X:00 Y:00 P:26
pc:C7A8 A:00 X:00 Y:00 P:26
pc:C7AF A:00 X:00 Y:00 P:26
pc:C7B0 A:00 X:00 Y:00 P:26
pc:C7B2 A:00 X:00 Y:00 P:26
pc:C7B8 A:00 X:00 Y:00 P:26
pc:C7B9 A:00 X:00 Y:00 P:26
pc:C7BB A:80 X:00 Y:00 P:A4
pc:C7BD A:80 X:00 Y:00 P:A4
pc:C7D9 A:80 X:00 Y:00 P:A4
pc:C7DA A:80 X:00 Y:00 P:A4
pc:C600 A:80 X:00 Y:00 P:A4
pc:C7DB A:80 X:00 Y:00 P:A4
pc:C7DC A:80 X:00 Y:00 P:A4
pc:C7DE A:FF X:00 Y:00 P:A4
pc:C7E0 A:FF X:00 Y:00 P:A4
pc:C7E2 A:FF X:00 Y:00 P:E4
pc:C7E4 A:00 X:00 Y:00 P:66
pc:C7E5 A:00 X:00 Y:00 P:67
pc:C7E6 A:00 X:00 Y:00 P:67
pc:C7E7 A:00 X:00 Y:00 P:6F
pc:C7E8 A:00 X:00 Y:00 P:6F
pc:C7E9 A:7F X:00 Y:00 P:6D
pc:C7EB A:6F X:00 Y:00 P:6D
pc:C7ED A:6F X:00 Y:00 P:6F
pc:C7F3 A:6F X:00 Y:00 P:6F
pc:C7F4 A:6F X:00 Y:00 P:6F
pc:C7F6 A:40 X:00 Y:00 P:6D
pc:C7F8 A:40 X:00 Y:00 P:6D
pc:C7FA A:40 X:00 Y:00 P:6D
pc:C7FB A:40 X:00 Y:00 P:65
pc:C7FD A:10 X:00 Y:00 P:65
pc:C7FE A:10 X:00 Y:00 P:64
pc:C7FF A:10 X:00 Y:00 P:64
pc:C800 A:74 X:00 Y:00 P:64
pc:C802 A:64 X:00 Y:00 P:64
pc:C804 A:64 X:00 Y:00 P:67
pc:C80A A:64 X:00 Y:00 P:67
pc:C80B A:64 X:00 Y:00 P:67
pc:C80D A:80 X:00 Y:00 P:E5
pc:C80F A:80 X:00 Y:00 P:E5
pc:C811 A:80 X:00 Y:00 P:A5
pc:C812 A:80 X:00 Y:00 P:AD
pc:C814 A:00 X:00 Y:00 P:2F
pc:C815 A:00 X:00 Y:00 P:2F
pc:C816 A:00 X:00 Y:00 P:2F
pc:C817 A:3F X:00 Y:00 P:2D
pc:C819 A:2F X:00 Y:00 P:2D
pc:C81B A:2F X:00 Y:00 P:2F
pc:C821 A:2F X:00 Y:00 P:2F
pc:C822 A:2F X:00 Y:00 P:2F
pc:C824 A:FF X:00 Y:00 P:AD
pc:C825 A:FF X:00 Y:00 P:AD
pc:C826 A:FF X:00 Y:00 P:EF
pc:C828 A:FF X:00 Y:00 P:EF
pc:C82A A:FF X:00 Y:00 P:EF
pc:C82C A:FF X:00 Y:00 P:EF
pc:C82E A:FF X:00 Y:00 P:EF
pc:C835 A:FF X:00 Y:00 P:EF
pc:C836 A:FF X:00 Y:00 P:EF
pc:C838 A:04 X:00 Y:00 P:6D
pc:C839 A:04 X:00 Y:00 P:6D
pc:C83A A:04 X:00 Y:00 P:24
pc:C83C A:04 X:00 Y:00 P:24
pc:C83E A:04 X:00 Y:00 P:24
pc:C840 A:04 X:00 Y:00 P:24
pc:C842 A:04 X:00 Y:00 P:24
pc:C849 A:04 X:00 Y:00 P:24
pc:C84A A:04 X:00 Y:00 P:24
pc:C84B A:04 X:00 Y:00 P:2C
pc:C84D A:FF X:00 Y:00 P:AC
pc:C84F A:FF X:00 Y:00 P:AC
pc:C851 A:FF X:00 Y:00 P:EC
pc:C852 A:FF X:00 Y:00 P:EC
pc:C854 A:00 X:00 Y:00 P:6E
pc:C855 A:00 X:00 Y:00 P:6E
pc:C857 A:FF X:00 Y:00 P:EC
pc:C858 A:00 X:00 Y:00 P:6E
pc:C85A A:00 X:00 Y:00 P:6E
pc:C85C A:00 X:00 Y:00 P:6E
pc:C85E A:00 X:00 Y:00 P:6E
pc:C860 A:00 X:00 Y:00 P:6E
pc:C867 A:00 X:00 Y:00 P:6E
pc:C868 A:00 X:00 Y:00 P:6E
pc:C86A A:00 X:00 Y:00 P:6E
pc:C86C A:00 X:00 Y:00 P:6E
pc:C86E A:00 X:00 Y:00 P:2E
pc:C86F A:00 X:00 Y:00 P:2F
pc:C871 A:FF X:00 Y:00 P:AD
pc:C872 A:FF X:00 Y:00 P:AD
pc:C874 A:00 X:00 Y:00 P:2F
pc:C875 A:FF X:00 Y:00 P:AD
pc:C877 A:FF X:00 Y:00 P:AD
pc:C879 A:FF X:00 Y:00 P:AD
pc:C87B A:FF X:00 Y:00 P:AD
pc:C87D A:FF X:00 Y:00 P:AD
pc:C884 A:FF X:00 Y:00 P:AD
pc:C603 A:FF X:00 Y:00 P:AD
pc:C885 A:FF X:00 Y:00 P:AD
pc:C886 A:FF X:00 Y:00 P:AD
pc:C887 A:FF X:00 Y:00 P:AC
pc:C889 A:FF X:00 Y:00 P:AC
pc:C88B A:FF X:00 Y:00 P:AC
pc:C88D A:FF X:00 Y:00 P:EC
pc:C88F A:55 X:00 Y:00 P:6C
pc:C891 A:FF X:00 Y:00 P:EC
pc:C893 A:FF X:00 Y:00 P:EC
pc:C895 A:FF X:00 Y:00 P:EC
pc:C897 A:FF X:00 Y:00 P:6F
pc:C899 A:FF X:00 Y:00 P:6F
pc:C89B A:FF X:00 Y:00 P:6F
pc:C8A2 A:FF X:00 Y:00 P:6F
pc:C8A3 A:FF X:00 Y:00 P:6F
pc:C8A4 A:FF X:00 Y:00 P:6F
pc:C8A5 A:FF X:00 Y:00 P:2F
pc:C8A7 A:00 X:00 Y:00 P:2F
pc:C8A9 A:00 X:00 Y:00 P:2F
pc:C8AB A:00 X:00 Y:00 P:2F
pc:C8AD A:00 X:00 Y:00 P:2F
pc:C8AF A:00 X:00 Y:00 P:2F
pc:C8B1 A:00 X:00 Y:00 P:2F
pc:C8B8 A:00 X:00 Y:00 P:2F
pc:C8B9 A:00 X:00 Y:00 P:2F
pc:C8BA A:00 X:00 Y:00 P:2E
pc:C8BC A:00 X:00 Y:00 P:EE
pc:C8BE A:55 X:00 Y:00 P:6C
pc:C8C0 A:00 X:00 Y:00 P:6E
pc:C8C2 A:00 X:00 Y:00 P:6E
pc:C8C4 A:00 X:00 Y:00 P:6E
pc:C8C6 A:00 X:00 Y:00 P:6E
pc:C8C8 A:00 X:00 Y:00 P:6E
pc:C8CF A:00 X:00 Y:00 P:6E
pc:C8D0 A:00 X:00 Y:00 P:6E
pc:C8D1 A:00 X:00 Y:00 P:6F
pc:C8D2 A:00 X:00 Y:00 P:2F
pc:C8D4 A:F8 X:00 Y:00 P:AD
pc:C8D6 A:E8 X:00 Y:00 P:AD
pc:C8D8 A:E8 X:00 Y:00 P:AD
pc:C8DA A:E8 X:00 Y:00 P:AD
pc:C8DC A:E8 X:00 Y:00 P:2F
pc:C8DE A:E8 X:00 Y:00 P:2F
pc:C8E0 A:E8 X:00 Y:00 P:2F
pc:C8E7 A:E8 X:00 Y:00 P:2F
pc:C8E8 A:E8 X:00 Y:00 P:2F
pc:C8E9 A:E8 X:00 Y:00 P:2E
pc:C8EB A:E8 X:00 Y:00 P:EC
pc:C8ED A:5F X:00 Y:00 P:6C
pc:C8EF A:F5 X:00 Y:00 P:EC
pc:C8F1 A:F5 X:00 Y:00 P:EC
pc:C8F3 A:F5 X:00 Y:00 P:EC
pc:C8F5 A:F5 X:00 Y:00 P:6F
pc:C8F7 A:F5 X:00 Y:00 P:6F
pc:C8F9 A:F5 X:00 Y:00 P:6F
pc:C900 A:F5 X:00 Y:00 P:6F
pc:C901 A:F5 X:00 Y:00 P:6F
pc:C902 A:F5 X:00 Y:00 P:6F
pc:C903 A:F5 X:00 Y:00 P:2F
pc:C905 A:70 X:00 Y:00 P:2D
pc:C907 A:00 X:00 Y:00 P:2F
pc:C909 A:00 X:00 Y:00 P:2F
pc:C90B A:00 X:00 Y:00 P:2F
pc:C90D A:00 X:00 Y:00 P:2F
pc:C90F A:00 X:00 Y:00 P:2F
pc:C916 A:00 X:00 Y:00 P:2F
pc:C917 A:00 X:00 Y:00 P:2F
pc:C918 A:00 X:00 Y:00 P:2E
pc:C91A A:00 X:00 Y:00 P:EE
pc:C91C A:00 X:00 Y:00 P:6E
pc:C91E A:69 X:00 Y:00 P:2C
pc:C920 A:69 X:00 Y:00 P:2C
pc:C922 A:69 X:00 Y:00 P:2C
pc:C924 A:69 X:00 Y:00 P:2F
pc:C926 A:69 X:00 Y:00 P:2F
pc:C928 A:69 X:00 Y:00 P:2F
pc:C92F A:69 X:00 Y:00 P:2F
pc:C930 A:69 X:00 Y:00 P:2F
pc:C931 A:69 X:00 Y:00 P:2F
pc:C932 A:69 X:00 Y:00 P:2F
pc:C934 A:69 X:00 Y:00 P:ED
pc:C936 A:01 X:00 Y:00 P:6D
pc:C938 A:6B X:00 Y:00 P:2C
pc:C93A A:6B X:00 Y:00 P:2C
pc:C93C A:6B X:00 Y:00 P:2C
pc:C93E A:6B X:00 Y:00 P:2F
pc:C940 A:6B X:00 Y:00 P:2F
pc:C942 A:6B X:00 Y:00 P:2F
pc:C949 A:6B X:00 Y:00 P:2F
pc:C94A A:6B X:00 Y:00 P:2F
pc:C94B A:6B X:00 Y:00 P:27
pc:C94C A:6B X:00 Y:00 P:27
pc:C94D A:6B X:00 Y:00 P:27
pc:C94F A:7F X:00 Y:00 P:25
pc:C951 A:FF X:00 Y:00 P:E4
pc:C953 A:FF X:00 Y:00 P:E4
pc:C955 A:FF X:00 Y:00 P:E4
pc:C957 A:FF X:00 Y:00 P:67
pc:C959 A:FF X:00 Y:00 P:67
pc:C95B A:FF X:00 Y:00 P:67
pc:C962 A:FF X:00 Y:00 P:67
pc:C963 A:FF X:00 Y:00 P:67
pc:C964 A:FF X:00 Y:00 P:66
pc:C966 A:FF X:00 Y:00 P:E4
pc:C968 A:7F X:00 Y:00 P:64
pc:C96A A:FF X:00 Y:00 P:A4
pc:C96C A:FF X:00 Y:00 P:A4
pc:C96E A:FF X:00 Y:00 P:A4
pc:C970 A:FF X:00 Y:00 P:27
pc:C972 A:FF X:00 Y:00 P:27
pc:C974 A:FF X:00 Y:00 P:27
pc:C97B A:FF X:00 Y:00 P:27
pc:C97C A:FF X:00 Y:00 P:27
pc:C97D A:FF X:00 Y:00 P:27
pc:C97E A:FF X:00 Y:00 P:27
pc:C980 A:7F X:00 Y:00 P:25
pc:C982 A:00 X:00 Y:00 P:27
pc:C984 A:00 X:00 Y:00 P:27
pc:C986 A:00 X:00 Y:00 P:27
pc:C988 A:00 X:00 Y:00 P:27
pc:C98A A:00 X:00 Y:00 P:27
pc:C991 A:00 X:00 Y:00 P:27
pc:C992 A:00 X:00 Y:00 P:27
pc:C993 A:00 X:00 Y:00 P:27
pc:C994 A:00 X:00 Y:00 P:27
pc:C996 A:9F X:00 Y:00 P:A5
pc:C998 A:9F X:00 Y:00 P:A5
pc:C99A A:9F X:00 Y:00 P:A5
pc:C99C A:9F X:00 Y:00 P:A5
pc:C99E A:9F X:00 Y:00 P:A5
pc:C9A5 A:9F X:00 Y:00 P:A5
pc:C9A6 A:9F X:00 Y:00 P:A5
pc:C9A7 A:9F X:00 Y:00 P:A4
pc:C9A9 A:9F X:00 Y:00 P:E4
pc:C9AB A:00 X:00 Y:00 P:66
pc:C9AD A:00 X:00 Y:00 P:66
pc:C9AF A:00 X:00 Y:00 P:66
pc:C9B1 A:00 X:00 Y:00 P:66
pc:C9B3 A:00 X:00 Y:00 P:66
pc:C9BA A:00 X:00 Y:00 P:66
pc:C9BB A:00 X:00 Y:00 P:66
pc:C9BD A:00 X:00 Y:00 P:E6
pc:C9BF A:40 X:00 Y:00 P:64
pc:C9C1 A:40 X:00 Y:00 P:67
pc:C9C3 A:40 X:00 Y:00 P:67
pc:C9C5 A:40 X:00 Y:00 P:67
pc:C9C7 A:40 X:00 Y:00 P:67
pc:C9C9 A:40 X:00 Y:00 P:67
pc:C9D0 A:40 X:00 Y:00 P:67
pc:C9D1 A:40 X:00 Y:00 P:67
pc:C9D2 A:40 X:00 Y:00 P:27
pc:C9D4 A:40 X:00 Y:00 P:25
pc:C9D6 A:40 X:00 Y:00 P:25
pc:C9D8 A:40 X:00 Y:00 P:25
pc:C9DA A:40 X:00 Y:00 P:25
pc:C9DC A:40 X:00 Y:00 P:25
pc:C9E3 A:40 X:00 Y:00 P:25
pc:C9E4 A:40 X:00 Y:00 P:25
pc:C9E6 A:40 X:00 Y:00 P:A4
pc:C9E8 A:40 X:00 Y:00 P:A4
pc:C9EA A:40 X:00 Y:00 P:A4
pc:C9EC A:40 X:00 Y:00 P:A4
pc:C9F3 A:40 X:00 Y:00 P:A4
pc:C9F4 A:40 X:00 Y:00 P:A4
pc:C9F6 A:80 X:00 Y:00 P:A4
pc:C9F8 A:80 X:00 Y:00 P:A5
pc:C9FA A:80 X:00 Y:00 P:A5
pc:C9FC A:80 X:00 Y:00 P:A5
pc:C9FE A:80 X:00 Y:00 P:A5
pc:CA05 A:80 X:00 Y:00 P:A5
pc:CA06 A:80 X:00 Y:00 P:A5
pc:CA08 A:80 X:00 Y:00 P:27
pc:CA0A A:80 X:00 Y:00 P:27
pc:CA0C A:80 X:00 Y:00 P:27
pc:CA0E A:80 X:00 Y:00 P:27
pc:CA15 A:80 X:00 Y:00 P:27
pc:CA16 A:80 X:00 Y:00 P:27
pc:CA18 A:80 X:00 Y:00 P:A4
pc:CA1A A:80 X:00 Y:00 P:A4
pc:CA1C A:80 X:00 Y:00 P:A4
pc:CA1E A:80 X:00 Y:00 P:A4
pc:CA25 A:80 X:00 Y:00 P:A4
pc:CA26 A:80 X:00 Y:00 P:A4
pc:CA28 A:80 X:00 Y:00 P:25
pc:CA2A A:80 X:00 Y:00 P:25
pc:CA2C A:80 X:00 Y:00 P:25
pc:CA2E A:80 X:00 Y:00 P:25
pc:CA35 A:80 X:00 Y:00 P:25
pc:CA36 A:80 X:00 Y:00 P:25
pc:CA38 A:80 X:00 Y:00 P:E5
pc:CA3A A:80 X:00 Y:40 P:65
pc:CA3C A:80 X:00 Y:40 P:67
pc:CA3E A:80 X:00 Y:40 P:67
pc:CA40 A:80 X:00 Y:40 P:67
pc:CA42 A:80 X:00 Y:40 P:67
pc:CA44 A:80 X:00 Y:40 P:67
pc:CA4B A:80 X:00 Y:40 P:67
pc:CA4C A:80 X:00 Y:40 P:67
pc:CA4D A:80 X:00 Y:40 P:27
pc:CA4F A:80 X:00 Y:40 P:25
pc:CA51 A:80 X:00 Y:40 P:25
pc:CA53 A:80 X:00 Y:40 P:25
pc:CA55 A:80 X:00 Y:40 P:25
pc:CA57 A:80 X:00 Y:40 P:25
pc:CA5E A:80 X:00 Y:40 P:25
pc:CA5F A:80 X:00 Y:40 P:25
pc:CA61 A:80 X:00 Y:40 P:A4
pc:CA63 A:80 X:00 Y:40 P:A4
pc:CA65 A:80 X:00 Y:40 P:A4
pc:CA67 A:80 X:00 Y:40 P:A4
pc:CA6E A:80 X:00 Y:40 P:A4
pc:CA6F A:80 X:00 Y:40 P:A4
pc:CA71 A:80 X:00 Y:80 P:A4
pc:CA73 A:80 X:00 Y:80 P:A5
pc:CA75 A:80 X:00 Y:80 P:A5
pc:CA77 A:80 X:00 Y:80 P:A5
pc:CA79 A:80 X:00 Y:80 P:A5
pc:CA80 A:80 X:00 Y:80 P:A5
pc:CA81 A:80 X:00 Y:80 P:A5
pc:CA83 A:80 X:00 Y:80 P:27
pc:CA85 A:80 X:00 Y:80 P:27
pc:CA87 A:80 X:00 Y:80 P:27
pc:CA89 A:80 X:00 Y:80 P:27
pc:CA90 A:80 X:00 Y:80 P:27
pc:CA91 A:80 X:00 Y:80 P:27
pc:CA93 A:80 X:00 Y:80 P:A4
pc:CA95 A:80 X:00 Y:80 P:A4
pc:CA97 A:80 X:00 Y:80 P:A4
pc:CA99 A:80 X:00 Y:80 P:A4
pc:CAA0 A:80 X:00 Y:80 P:A4
pc:CAA1 A:80 X:00 Y:80 P:A4
pc:CAA3 A:80 X:00 Y:80 P:25
pc:CAA5 A:80 X:00 Y:80 P:25
pc:CAA7 A:80 X:00 Y:80 P:25
pc:CAA9 A:80 X:00 Y:80 P:25
pc:CAB0 A:80 X:00 Y:80 P:25
pc:CAB1 A:80 X:00 Y:80 P:25
pc:CAB3 A:80 X:00 Y:80 P:E5
pc:CAB5 A:80 X:40 Y:80 P:65
pc:CAB7 A:80 X:40 Y:80 P:67
pc:CAB9 A:80 X:40 Y:80 P:67
pc:CABB A:80 X:40 Y:80 P:67
pc:CABD A:80 X:40 Y:80 P:67
pc:CABF A:80 X:40 Y:80 P:67
pc:CAC6 A:80 X:40 Y:80 P:67
pc:CAC7 A:80 X:40 Y:80 P:67
pc:CAC8 A:80 X:40 Y:80 P:27
pc:CACA A:80 X:40 Y:80 P:25
pc:CACC A:80 X:40 Y:80 P:25
pc:CACE A:80 X:40 Y:80 P:25
pc:CAD0 A:80 X:40 Y:80 P:25
pc:CAD2 A:80 X:40 Y:80 P:25
pc:CAD9 A:80 X:40 Y:80 P:25
pc:CADA A:80 X:40 Y:80 P:25
pc:CADC A:80 X:40 Y:80 P:A4
pc:CADE A:80 X:40 Y:80 P:A4
pc:CAE0 A:80 X:40 Y:80 P:A4
pc:CAE2 A:80 X:40 Y:80 P:A4
pc:CAE9 A:80 X:40 Y:80 P:A4
pc:CAEA A:80 X:40 Y:80 P:A4
pc:CAEC A:80 X:80 Y:80 P:A4
pc:CAEE A:80 X:80 Y:80 P:A5
pc:CAF0 A:80 X:80 Y:80 P:A5
pc:CAF2 A:80 X:80 Y:80 P:A5
pc:CAF4 A:80 X:80 Y:80 P:A5
pc:CAFB A:80 X:80 Y:80 P:A5
pc:CAFC A:80 X:80 Y:80 P:A5
pc:CAFE A:80 X:80 Y:80 P:27
pc:CB00 A:80 X:80 Y:80 P:27
pc:CB02 A:80 X:80 Y:80 P:27
pc:CB04 A:80 X:80 Y:80 P:27
pc:CB0B A:80 X:80 Y:80 P:27
pc:CB0C A:80 X:80 Y:80 P:27
pc:CB0E A:80 X:80 Y:80 P:A4
pc:CB10 A:80 X:80 Y:80 P:A4
pc:CB12 A:80 X:80 Y:80 P:A4
pc:CB14 A:80 X:80 Y:80 P:A4
pc:CB1B A:80 X:80 Y:80 P:A4
pc:CB1C A:80 X:80 Y:80 P:A4
pc:CB1E A:80 X:80 Y:80 P:25
pc:CB20 A:80 X:80 Y:80 P:25
pc:CB22 A:80 X:80 Y:80 P:25
pc:CB24 A:80 X:80 Y:80 P:25
pc:CB2B A:80 X:80 Y:80 P:25
pc:CB2C A:80 X:80 Y:80 P:25
pc:CB2D A:80 X:80 Y:80 P:25
pc:CB2E A:80 X:80 Y:80 P:25
pc:CB30 A:80 X:9F Y:80 P:A5
pc:CB32 A:80 X:9F Y:80 P:A5
pc:CB34 A:80 X:9F Y:80 P:A5
pc:CB36 A:80 X:9F Y:80 P:A5
pc:CB38 A:80 X:9F Y:80 P:A5
pc:CB3F A:80 X:9F Y:80 P:A5
pc:CB40 A:80 X:9F Y:80 P:A5
pc:CB41 A:80 X:9F Y:80 P:A4
pc:CB43 A:80 X:9F Y:80 P:E4
pc:CB45 A:80 X:00 Y:80 P:66
pc:CB47 A:80 X:00 Y:80 P:66
pc:CB49 A:80 X:00 Y:80 P:66
pc:CB4B A:80 X:00 Y:80 P:66
pc:CB4D A:80 X:00 Y:80 P:66
pc:CB54 A:80 X:00 Y:80 P:66
pc:CB55 A:80 X:00 Y:80 P:66
pc:CB56 A:80 X:00 Y:80 P:67
pc:CB57 A:80 X:00 Y:80 P:27
pc:CB59 A:80 X:00 Y:9F P:A5
pc:CB5B A:80 X:00 Y:9F P:A5
pc:CB5D A:80 X:00 Y:9F P:A5
pc:CB5F A:80 X:00 Y:9F P:A5
pc:CB61 A:80 X:00 Y:9F P:A5
pc:CB68 A:80 X:00 Y:9F P:A5
pc:CB69 A:80 X:00 Y:9F P:A5
pc:CB6A A:80 X:00 Y:9F P:A4
pc:CB6C A:80 X:00 Y:9F P:E4
pc:CB6E A:80 X:00 Y:00 P:66
pc:CB70 A:80 X:00 Y:00 P:66
pc:CB72 A:80 X:00 Y:00 P:66
pc:CB74 A:80 X:00 Y:00 P:66
pc:CB76 A:80 X:00 Y:00 P:66
pc:CB7D A:80 X:00 Y:00 P:66
pc:CB7E A:80 X:00 Y:00 P:66
pc:CB80 A:55 X:00 Y:00 P:64
pc:CB82 A:55 X:AA Y:00 P:E4
pc:CB84 A:55 X:AA Y:33 P:64
pc:CB86 A:55 X:AA Y:33 P:67
pc:CB88 A:55 X:AA Y:33 P:67
pc:CB8A A:55 X:AA Y:33 P:67
pc:CB8C A:55 X:AA Y:33 P:67
pc:CB8E A:55 X:AA Y:33 P:67
pc:CB90 A:55 X:AA Y:33 P:67
pc:CB92 A:55 X:AA Y:33 P:67
pc:CB94 A:55 X:AA Y:33 P:67
pc:CB96 A:55 X:AA Y:33 P:67
pc:CB98 A:55 X:AA Y:33 P:67
pc:CB9A A:55 X:AA Y:33 P:67
pc:CB9C A:55 X:AA Y:33 P:67
pc:CB9E A:55 X:AA Y:33 P:E4
pc:CBA0 A:55 X:AA Y:33 P:E4
pc:CBA2 A:55 X:AA Y:33 P:E4
pc:CBA4 A:55 X:AA Y:33 P:E4
pc:CBA6 A:55 X:AA Y:33 P:E4
pc:CBA8 A:55 X:AA Y:33 P:E4
pc:CBAF A:55 X:AA Y:33 P:E4
pc:CBB1 A:55 X:AA Y:71 P:64
pc:F931 A:55 X:AA Y:71 P:64
pc:F933 A:55 X:AA Y:71 P:E4
pc:F935 A:40 X:AA Y:71 P:64
pc:F936 A:40 X:AA Y:71 P:65
pc:CBB4 A:40 X:AA Y:71 P:65
pc:CBB6 A:00 X:AA Y:71 P:27
pc:F937 A:00 X:AA Y:71 P:27
pc:F939 A:00 X:AA Y:71 P:27
pc:F93B A:00 X:AA Y:71 P:27
pc:F93D A:00 X:AA Y:71 P:27
pc:F93F A:00 X:AA Y:71 P:27
pc:F941 A:00 X:AA Y:71 P:27
pc:F943 A:00 X:AA Y:71 P:27
pc:CBB9 A:00 X:AA Y:71 P:27
pc:CBBA A:00 X:AA Y:72 P:25
pc:F947 A:00 X:AA Y:72 P:25
pc:F948 A:00 X:AA Y:72 P:25
pc:F949 A:00 X:AA Y:72 P:25
pc:F94B A:40 X:AA Y:72 P:25
pc:CBBD A:40 X:AA Y:72 P:25
pc:CBBF A:01 X:AA Y:72 P:25
pc:F94C A:01 X:AA Y:72 P:25
pc:F94E A:01 X:AA Y:72 P:25
pc:F950 A:01 X:AA Y:72 P:25
pc:F952 A:01 X:AA Y:72 P:25
pc:F954 A:01 X:AA Y:72 P:25
pc:F956 A:01 X:AA Y:72 P:27
pc:F958 A:01 X:AA Y:72 P:27
pc:CBC2 A:01 X:AA Y:72 P:27
pc:CBC3 A:01 X:AA Y:73 P:25
pc:F95C A:01 X:AA Y:73 P:25
pc:F95E A:40 X:AA Y:73 P:25
pc:F95F A:40 X:AA Y:73 P:25
pc:F961 A:40 X:AA Y:73 P:E5
pc:CBC6 A:40 X:AA Y:73 P:E5
pc:CBC8 A:FF X:AA Y:73 P:A4
pc:F962 A:FF X:AA Y:73 P:A4
pc:F964 A:FF X:AA Y:73 P:A4
pc:F966 A:FF X:AA Y:73 P:A4
pc:F968 A:FF X:AA Y:73 P:A4
pc:F96A A:FF X:AA Y:73 P:A4
pc:F96C A:FF X:AA Y:73 P:27
pc:F96E A:FF X:AA Y:73 P:27
pc:CBCB A:FF X:AA Y:73 P:27
pc:CBCC A:FF X:AA Y:74 P:25
pc:F972 A:FF X:AA Y:74 P:25
pc:F973 A:FF X:AA Y:74 P:24
pc:F975 A:80 X:AA Y:74 P:A4
pc:CBCF A:80 X:AA Y:74 P:A4
pc:CBD1 A:7F X:AA Y:74 P:65
pc:F976 A:7F X:AA Y:74 P:65
pc:F978 A:7F X:AA Y:74 P:65
pc:F97A A:7F X:AA Y:74 P:67
pc:F97C A:7F X:AA Y:74 P:67
pc:CBD4 A:7F X:AA Y:74 P:67
pc:CBD5 A:7F X:AA Y:75 P:65
pc:F980 A:7F X:AA Y:75 P:65
pc:F981 A:7F X:AA Y:75 P:65
pc:F983 A:81 X:AA Y:75 P:E5
pc:CBD8 A:81 X:AA Y:75 P:E5
pc:CBDA A:02 X:AA Y:75 P:65
pc:F984 A:02 X:AA Y:75 P:65
pc:F986 A:02 X:AA Y:75 P:65
pc:F988 A:02 X:AA Y:75 P:65
pc:F98A A:02 X:AA Y:75 P:67
pc:F98C A:02 X:AA Y:75 P:67
pc:CBDD A:02 X:AA Y:75 P:67
pc:C606 A:02 X:AA Y:75 P:67
pc:CBDE A:02 X:AA Y:75 P:67
pc:CBDF A:02 X:AA Y:75 P:67
pc:CBE1 A:FF X:AA Y:75 P:E5
pc:CBE3 A:FF X:AA Y:75 P:E5
pc:CBE5 A:44 X:AA Y:75 P:65
pc:CBE7 A:44 X:55 Y:75 P:65
pc:CBE9 A:44 X:55 Y:66 P:65
pc:CBEA A:44 X:56 Y:66 P:65
pc:CBEB A:44 X:56 Y:65 P:65
pc:CBED A:44 X:56 Y:65 P:67
pc:CBEF A:44 X:56 Y:65 P:67
pc:CBF1 A:44 X:56 Y:65 P:67
pc:CBF3 A:44 X:56 Y:65 P:67
pc:CBF4 A:44 X:57 Y:65 P:65
pc:CBF5 A:44 X:58 Y:65 P:65
pc:CBF6 A:44 X:58 Y:64 P:65
pc:CBF7 A:44 X:58 Y:63 P:65
pc:CBF9 A:44 X:58 Y:63 P:67
pc:CBFB A:44 X:58 Y:63 P:67
pc:CBFD A:44 X:58 Y:63 P:67
pc:CBFF A:44 X:58 Y:63 P:67
pc:CC00 A:44 X:57 Y:63 P:65
pc:CC01 A:44 X:57 Y:64 P:65
pc:CC03 A:44 X:57 Y:64 P:67
pc:CC05 A:44 X:57 Y:64 P:67
pc:CC07 A:44 X:57 Y:64 P:67
pc:CC09 A:44 X:57 Y:64 P:67
pc:CC0B A:44 X:57 Y:64 P:67
pc:CC0D A:44 X:57 Y:64 P:67
pc:CC14 A:44 X:57 Y:64 P:67
pc:CC15 A:44 X:57 Y:64 P:67
pc:CC16 A:44 X:57 Y:64 P:67
pc:CC18 A:44 X:69 Y:64 P:65
pc:CC1A A:96 X:69 Y:64 P:E5
pc:CC1C A:96 X:69 Y:64 P:E5
pc:CC1E A:96 X:69 Y:FF P:E5
pc:CC1F A:96 X:69 Y:00 P:67
pc:CC21 A:96 X:69 Y:00 P:67
pc:CC23 A:96 X:69 Y:00 P:67
pc:CC25 A:96 X:69 Y:00 P:67
pc:CC27 A:96 X:69 Y:00 P:67
pc:CC29 A:96 X:69 Y:00 P:67
pc:CC2B A:96 X:69 Y:00 P:67
pc:CC2C A:96 X:69 Y:01 P:65
pc:CC2E A:96 X:69 Y:01 P:65
pc:CC30 A:96 X:69 Y:01 P:65
pc:CC32 A:96 X:69 Y:01 P:65
pc:CC34 A:96 X:69 Y:01 P:65
pc:CC35 A:96 X:69 Y:01 P:64
pc:CC36 A:96 X:69 Y:01 P:24
pc:CC38 A:96 X:69 Y:00 P:26
pc:CC39 A:96 X:69 Y:FF P:A4
pc:CC3B A:96 X:69 Y:FF P:A4
pc:CC3D A:96 X:69 Y:FF P:A4
pc:CC3F A:96 X:69 Y:FF P:A4
pc:CC41 A:96 X:69 Y:FF P:A4
pc:CC43 A:96 X:69 Y:FF P:27
pc:CC45 A:96 X:69 Y:FF P:27
pc:CC46 A:96 X:69 Y:FF P:26
pc:CC47 A:96 X:69 Y:FE P:A4
pc:CC49 A:96 X:69 Y:FE P:A4
pc:CC4B A:96 X:69 Y:FE P:A4
pc:CC4D A:96 X:69 Y:FE P:A4
pc:CC4F A:96 X:69 Y:FE P:A4
pc:CC51 A:96 X:69 Y:FE P:27
pc:CC53 A:96 X:69 Y:FE P:27
pc:CC55 A:96 X:69 Y:FE P:27
pc:CC57 A:96 X:69 Y:FE P:27
pc:CC59 A:96 X:69 Y:FE P:27
pc:CC5B A:96 X:69 Y:FE P:27
pc:CC62 A:96 X:69 Y:FE P:27
pc:CC63 A:96 X:69 Y:FE P:27
pc:CC64 A:96 X:69 Y:FE P:27
pc:CC66 A:96 X:69 Y:69 P:25
pc:CC68 A:96 X:69 Y:69 P:A5
pc:CC6A A:96 X:69 Y:69 P:E5
pc:CC6C A:96 X:FF Y:69 P:E5
pc:CC6D A:96 X:00 Y:69 P:67
pc:CC6F A:96 X:00 Y:69 P:67
pc:CC71 A:96 X:00 Y:69 P:67
pc:CC73 A:96 X:00 Y:69 P:67
pc:CC75 A:96 X:00 Y:69 P:67
pc:CC77 A:96 X:00 Y:69 P:67
pc:CC79 A:96 X:00 Y:69 P:67
pc:CC7A A:96 X:01 Y:69 P:65
pc:CC7C A:96 X:01 Y:69 P:65
pc:CC7E A:96 X:01 Y:69 P:65
pc:CC80 A:96 X:01 Y:69 P:65
pc:CC82 A:96 X:01 Y:69 P:65
pc:CC83 A:96 X:01 Y:69 P:64
pc:CC84 A:96 X:01 Y:69 P:24
pc:CC86 A:96 X:00 Y:69 P:26
pc:CC87 A:96 X:FF Y:69 P:A4
pc:CC89 A:96 X:FF Y:69 P:A4
pc:CC8B A:96 X:FF Y:69 P:A4
pc:CC8D A:96 X:FF Y:69 P:A4
pc:CC8F A:96 X:FF Y:69 P:A4
pc:CC91 A:96 X:FF Y:69 P:27
pc:CC93 A:96 X:FF Y:69 P:27
pc:CC94 A:96 X:FF Y:69 P:26
pc:CC95 A:96 X:FE Y:69 P:A4
pc:CC97 A:96 X:FE Y:69 P:A4
pc:CC99 A:96 X:FE Y:69 P:A4
pc:CC9B A:96 X:FE Y:69 P:A4
pc:CC9D A:96 X:FE Y:69 P:A4
pc:CC9F A:96 X:FE Y:69 P:27
pc:CCA1 A:96 X:FE Y:69 P:27
pc:CCA3 A:96 X:FE Y:69 P:27
pc:CCA5 A:96 X:FE Y:69 P:27
pc:CCA7 A:96 X:FE Y:69 P:27
pc:CCA9 A:96 X:FE Y:69 P:27
pc:CCB0 A:96 X:FE Y:69 P:27
pc:CCB1 A:96 X:FE Y:69 P:27
pc:CCB3 A:85 X:FE Y:69 P:A5
pc:CCB5 A:85 X:34 Y:69 P:25
pc:CCB7 A:85 X:34 Y:99 P:A5
pc:CCB8 A:85 X:34 Y:99 P:A4
pc:CCBA A:85 X:34 Y:99 P:E4
pc:CCBB A:85 X:34 Y:85 P:E4
pc:CCBD A:85 X:34 Y:85 P:E4
pc:CCBF A:85 X:34 Y:85 P:E4
pc:CCC1 A:85 X:34 Y:85 P:E4
pc:CCC3 A:85 X:34 Y:85 P:E4
pc:CCC5 A:85 X:34 Y:85 P:67
pc:CCC7 A:85 X:34 Y:85 P:67
pc:CCC9 A:85 X:34 Y:85 P:67
pc:CCCB A:85 X:34 Y:85 P:67
pc:CCCD A:85 X:34 Y:85 P:67
pc:CCCF A:85 X:34 Y:85 P:67
pc:CCD1 A:00 X:34 Y:85 P:67
pc:CCD2 A:00 X:34 Y:85 P:67
pc:CCD3 A:00 X:34 Y:85 P:27
pc:CCD4 A:00 X:34 Y:00 P:27
pc:CCD6 A:00 X:34 Y:00 P:27
pc:CCD8 A:00 X:34 Y:00 P:27
pc:CCDA A:00 X:34 Y:00 P:27
pc:CCDC A:00 X:34 Y:00 P:27
pc:CCDE A:00 X:34 Y:00 P:27
pc:CCE0 A:00 X:34 Y:00 P:27
pc:CCE2 A:00 X:34 Y:00 P:27
pc:CCE4 A:00 X:34 Y:00 P:27
pc:CCE6 A:00 X:34 Y:00 P:27
pc:CCE8 A:00 X:34 Y:00 P:27
pc:CCEF A:00 X:34 Y:00 P:27
pc:CCF0 A:00 X:34 Y:00 P:27
pc:CCF2 A:85 X:34 Y:00 P:A5
pc:CCF4 A:85 X:34 Y:00 P:25
pc:CCF6 A:85 X:34 Y:99 P:A5
pc:CCF7 A:85 X:34 Y:99 P:A4
pc:CCF9 A:85 X:34 Y:99 P:E4
pc:CCFA A:85 X:85 Y:99 P:E4
pc:CCFC A:85 X:85 Y:99 P:E4
pc:CCFE A:85 X:85 Y:99 P:E4
pc:CD00 A:85 X:85 Y:99 P:E4
pc:CD02 A:85 X:85 Y:99 P:E4
pc:CD04 A:85 X:85 Y:99 P:67
pc:CD06 A:85 X:85 Y:99 P:67
pc:CD08 A:85 X:85 Y:99 P:67
pc:CD0A A:85 X:85 Y:99 P:67
pc:CD0C A:85 X:85 Y:99 P:67
pc:CD0E A:85 X:85 Y:99 P:67
pc:CD10 A:00 X:85 Y:99 P:67
pc:CD11 A:00 X:85 Y:99 P:67
pc:CD12 A:00 X:85 Y:99 P:27
pc:CD13 A:00 X:00 Y:99 P:27
pc:CD15 A:00 X:00 Y:99 P:27
pc:CD17 A:00 X:00 Y:99 P:27
pc:CD19 A:00 X:00 Y:99 P:27
pc:CD1B A:00 X:00 Y:99 P:27
pc:CD1D A:00 X:00 Y:99 P:27
pc:CD1F A:00 X:00 Y:99 P:27
pc:CD21 A:00 X:00 Y:99 P:27
pc:CD23 A:00 X:00 Y:99 P:27
pc:CD25 A:00 X:00 Y:99 P:27
pc:CD27 A:00 X:00 Y:99 P:27
pc:CD2E A:00 X:00 Y:99 P:27
pc:CD2F A:00 X:00 Y:99 P:27
pc:CD31 A:85 X:00 Y:99 P:A5
pc:CD33 A:85 X:34 Y:99 P:25
pc:CD35 A:85 X:34 Y:99 P:A5
pc:CD36 A:85 X:34 Y:99 P:A4
pc:CD38 A:85 X:34 Y:99 P:E4
pc:CD39 A:99 X:34 Y:99 P:E4
pc:CD3B A:99 X:34 Y:99 P:E4
pc:CD3D A:99 X:34 Y:99 P:E4
pc:CD3F A:99 X:34 Y:99 P:E4
pc:CD41 A:99 X:34 Y:99 P:E4
pc:CD43 A:99 X:34 Y:99 P:67
pc:CD45 A:99 X:34 Y:99 P:67
pc:CD47 A:99 X:34 Y:99 P:67
pc:CD49 A:99 X:34 Y:99 P:67
pc:CD4B A:99 X:34 Y:99 P:67
pc:CD4D A:99 X:34 Y:99 P:67
pc:CD4F A:99 X:34 Y:00 P:67
pc:CD50 A:99 X:34 Y:00 P:67
pc:CD51 A:99 X:34 Y:00 P:27
pc:CD52 A:00 X:34 Y:00 P:27
pc:CD54 A:00 X:34 Y:00 P:27
pc:CD56 A:00 X:34 Y:00 P:27
pc:CD58 A:00 X:34 Y:00 P:27
pc:CD5A A:00 X:34 Y:00 P:27
pc:CD5C A:00 X:34 Y:00 P:27
pc:CD5E A:00 X:34 Y:00 P:27
pc:CD60 A:00 X:34 Y:00 P:27
pc:CD62 A:00 X:34 Y:00 P:27
pc:CD64 A:00 X:34 Y:00 P:27
pc:CD66 A:00 X:34 Y:00 P:27
pc:CD6D A:00 X:34 Y:00 P:27
pc:CD6E A:00 X:34 Y:00 P:27
pc:CD70 A:85 X:34 Y:00 P:A5
pc:CD72 A:85 X:34 Y:00 P:25
pc:CD74 A:85 X:34 Y:99 P:A5
pc:CD75 A:85 X:34 Y:99 P:A4
pc:CD77 A:85 X:34 Y:99 P:E4
pc:CD78 A:34 X:34 Y:99 P:64
pc:CD7A A:34 X:34 Y:99 P:64
pc:CD7C A:34 X:34 Y:99 P:64
pc:CD7E A:34 X:34 Y:99 P:64
pc:CD80 A:34 X:34 Y:99 P:64
pc:CD82 A:34 X:34 Y:99 P:67
pc:CD84 A:34 X:34 Y:99 P:67
pc:CD86 A:34 X:34 Y:99 P:67
pc:CD88 A:34 X:34 Y:99 P:67
pc:CD8A A:34 X:34 Y:99 P:67
pc:CD8C A:34 X:34 Y:99 P:67
pc:CD8E A:34 X:00 Y:99 P:67
pc:CD8F A:34 X:00 Y:99 P:67
pc:CD90 A:34 X:00 Y:99 P:27
pc:CD91 A:00 X:00 Y:99 P:27
pc:CD93 A:00 X:00 Y:99 P:27
pc:CD95 A:00 X:00 Y:99 P:27
pc:CD97 A:00 X:00 Y:99 P:27
pc:CD99 A:00 X:00 Y:99 P:27
pc:CD9B A:00 X:00 Y:99 P:27
pc:CD9D A:00 X:00 Y:99 P:27
pc:CD9F A:00 X:00 Y:99 P:27
pc:CDA1 A:00 X:00 Y:99 P:27
pc:CDA3 A:00 X:00 Y:99 P:27
pc:CDA5 A:00 X:00 Y:99 P:27
pc:CDAC A:00 X:00 Y:99 P:27
pc:CDAD A:00 X:00 Y:99 P:27
pc:CDAE A:00 X:FB Y:99 P:A5
pc:CDB1 A:00 X:FB Y:99 P:A5
pc:CDB3 A:00 X:FB Y:33 P:25
pc:CDB5 A:00 X:69 Y:33 P:25
pc:CDB7 A:84 X:69 Y:33 P:A5
pc:CDB8 A:84 X:69 Y:33 P:A4
pc:CDBA A:84 X:69 Y:33 P:E4
pc:CDBB A:84 X:69 Y:33 P:E4
pc:CDBD A:84 X:69 Y:33 P:E4
pc:CDBF A:84 X:69 Y:33 P:E4
pc:CDC1 A:84 X:69 Y:33 P:E4
pc:CDC3 A:84 X:69 Y:33 P:E4
pc:CDC5 A:84 X:69 Y:33 P:67
pc:CDC7 A:84 X:69 Y:33 P:67
pc:CDC9 A:84 X:69 Y:33 P:67
pc:CDCB A:84 X:69 Y:33 P:67
pc:CDCD A:84 X:69 Y:33 P:67
pc:CDCF A:84 X:69 Y:33 P:67
pc:CDD1 A:84 X:69 Y:01 P:65
pc:CDD3 A:04 X:69 Y:01 P:65
pc:CDD4 A:04 X:69 Y:01 P:65
pc:CDD5 A:04 X:69 Y:01 P:25
pc:CDD7 A:04 X:00 Y:01 P:27
pc:CDD8 A:04 X:69 Y:01 P:25
pc:CDDA A:04 X:69 Y:01 P:25
pc:CDDC A:04 X:69 Y:01 P:25
pc:CDDE A:04 X:69 Y:01 P:25
pc:CDE0 A:04 X:69 Y:01 P:25
pc:CDE2 A:04 X:69 Y:01 P:27
pc:CDE4 A:04 X:69 Y:01 P:27
pc:CDE6 A:04 X:69 Y:01 P:27
pc:CDE8 A:04 X:69 Y:01 P:27
pc:CDEA A:04 X:69 Y:01 P:27
pc:CDEC A:04 X:69 Y:01 P:27
pc:CDF3 A:04 X:69 Y:01 P:27
pc:CDF6 A:04 X:FB Y:01 P:A5
pc:CDF7 A:04 X:FB Y:01 P:A5
pc:C609 A:04 X:FB Y:01 P:A5
pc:CDF8 A:04 X:FB Y:01 P:A5
pc:CDFA A:FF X:FB Y:01 P:A5
pc:CDFC A:FF X:FB Y:01 P:A5
pc:CDFD A:FF X:FB Y:01 P:A5
pc:CE00 A:FF X:FB Y:01 P:A5
pc:CE01 A:FF X:FB Y:01 P:A5
pc:CE03 A:FF X:80 Y:01 P:A5
pc:CE04 A:FF X:80 Y:01 P:A5
pc:CE06 A:33 X:80 Y:01 P:25
pc:CE07 A:33 X:80 Y:01 P:25
pc:CE09 A:69 X:80 Y:01 P:25
pc:CE0A A:69 X:80 Y:01 P:25
pc:CE0B A:69 X:7E Y:01 P:25
pc:CE0D A:69 X:7E Y:01 P:27
pc:CE0F A:69 X:7E Y:01 P:27
pc:CE10 A:69 X:7E Y:01 P:25
pc:CE12 A:69 X:7E Y:01 P:27
pc:CE14 A:69 X:7E Y:01 P:27
pc:CE15 A:33 X:7E Y:01 P:25
pc:CE17 A:33 X:7E Y:01 P:27
pc:CE19 A:33 X:7E Y:01 P:27
pc:CE1A A:33 X:80 Y:01 P:A5
pc:CE1C A:33 X:80 Y:01 P:27
pc:CE1E A:33 X:80 Y:01 P:27
pc:CE21 A:00 X:80 Y:01 P:27
pc:CE23 A:00 X:80 Y:01 P:A4
pc:CE2F A:00 X:80 Y:01 P:A4
pc:CE31 A:00 X:46 Y:01 P:24
pc:CE33 A:00 X:46 Y:01 P:24
pc:CE34 A:00 X:46 Y:01 P:24
pc:CE36 A:00 X:80 Y:01 P:A4
pc:CE37 A:00 X:80 Y:01 P:A4
pc:CE3D A:00 X:80 Y:01 P:A4
pc:CE3E A:00 X:7E Y:01 P:24
pc:CE40 A:00 X:7E Y:01 P:27
pc:CE42 A:00 X:7E Y:01 P:27
pc:CE43 A:CE X:7E Y:01 P:A5
pc:CE44 A:3A X:7E Y:01 P:25
pc:CE45 A:3A X:80 Y:01 P:A5
pc:CE47 A:3A X:80 Y:01 P:27
pc:CE49 A:3A X:80 Y:01 P:27
pc:CE4B A:00 X:80 Y:01 P:27
pc:CE4E A:00 X:80 Y:01 P:27
pc:CE4F A:CE X:80 Y:01 P:A5
pc:CE51 A:CE X:80 Y:01 P:A5
pc:CE5B A:CE X:80 Y:01 P:A5
pc:CE5D A:CE X:47 Y:01 P:25
pc:CE5F A:CE X:47 Y:01 P:25
pc:CE60 A:CE X:47 Y:01 P:25
pc:CE62 A:CE X:47 Y:01 P:A5
pc:CE63 A:CE X:47 Y:01 P:A5
pc:CE65 A:66 X:47 Y:01 P:25
pc:CE66 A:66 X:47 Y:01 P:25
pc:66CE A:66 X:47 Y:01 P:25
